<?xml version="1.0" encoding="UTF-8"?>
<testsuite name="com.example.sneakerShop.SneakerShopApplicationTests" tests="1" skipped="0" failures="0" errors="0" timestamp="2022-06-30T12:57:45" hostname="Shawns-MacBook-Pro.local" time="0.043">
  <properties/>
  <testcase name="contextLoads()" classname="com.example.sneakerShop.SneakerShopApplicationTests" time="0.043"/>
  <system-out><![CDATA[14:57:43.584 [Test worker] DEBUG org.springframework.test.context.BootstrapUtils - Instantiating CacheAwareContextLoaderDelegate from class [org.springframework.test.context.cache.DefaultCacheAwareContextLoaderDelegate]
14:57:43.590 [Test worker] DEBUG org.springframework.test.context.BootstrapUtils - Instantiating BootstrapContext using constructor [public org.springframework.test.context.support.DefaultBootstrapContext(java.lang.Class,org.springframework.test.context.CacheAwareContextLoaderDelegate)]
14:57:43.611 [Test worker] DEBUG org.springframework.test.context.BootstrapUtils - Instantiating TestContextBootstrapper for test class [com.example.sneakerShop.SneakerShopApplicationTests] from class [org.springframework.boot.test.context.SpringBootTestContextBootstrapper]
14:57:43.617 [Test worker] INFO org.springframework.boot.test.context.SpringBootTestContextBootstrapper - Neither @ContextConfiguration nor @ContextHierarchy found for test class [com.example.sneakerShop.SneakerShopApplicationTests], using SpringBootContextLoader
14:57:43.619 [Test worker] DEBUG org.springframework.test.context.support.AbstractContextLoader - Did not detect default resource location for test class [com.example.sneakerShop.SneakerShopApplicationTests]: class path resource [com/example/sneakerShop/SneakerShopApplicationTests-context.xml] does not exist
14:57:43.619 [Test worker] DEBUG org.springframework.test.context.support.AbstractContextLoader - Did not detect default resource location for test class [com.example.sneakerShop.SneakerShopApplicationTests]: class path resource [com/example/sneakerShop/SneakerShopApplicationTestsContext.groovy] does not exist
14:57:43.619 [Test worker] INFO org.springframework.test.context.support.AbstractContextLoader - Could not detect default resource locations for test class [com.example.sneakerShop.SneakerShopApplicationTests]: no resource found for suffixes {-context.xml, Context.groovy}.
14:57:43.620 [Test worker] INFO org.springframework.test.context.support.AnnotationConfigContextLoaderUtils - Could not detect default configuration classes for test class [com.example.sneakerShop.SneakerShopApplicationTests]: SneakerShopApplicationTests does not declare any static, non-private, non-final, nested classes annotated with @Configuration.
14:57:43.638 [Test worker] DEBUG org.springframework.test.context.support.ActiveProfilesUtils - Could not find an 'annotation declaring class' for annotation type [org.springframework.test.context.ActiveProfiles] and class [com.example.sneakerShop.SneakerShopApplicationTests]
14:57:43.661 [Test worker] DEBUG org.springframework.context.annotation.ClassPathScanningCandidateComponentProvider - Identified candidate component class: file [/Users/shawnlacarta/School/Modul/133/Projekt/sneakershopbackend/sneakerShop/build/classes/java/main/com/example/sneakerShop/SneakerShopApplication.class]
14:57:43.662 [Test worker] INFO org.springframework.boot.test.context.SpringBootTestContextBootstrapper - Found @SpringBootConfiguration com.example.sneakerShop.SneakerShopApplication for test class com.example.sneakerShop.SneakerShopApplicationTests
14:57:43.703 [Test worker] DEBUG org.springframework.boot.test.context.SpringBootTestContextBootstrapper - @TestExecutionListeners is not present for class [com.example.sneakerShop.SneakerShopApplicationTests]: using defaults.
14:57:43.703 [Test worker] INFO org.springframework.boot.test.context.SpringBootTestContextBootstrapper - Loaded default TestExecutionListener class names from location [META-INF/spring.factories]: [org.springframework.boot.test.autoconfigure.restdocs.RestDocsTestExecutionListener, org.springframework.boot.test.autoconfigure.web.client.MockRestServiceServerResetTestExecutionListener, org.springframework.boot.test.autoconfigure.web.servlet.MockMvcPrintOnlyOnFailureTestExecutionListener, org.springframework.boot.test.autoconfigure.web.servlet.WebDriverTestExecutionListener, org.springframework.boot.test.autoconfigure.webservices.client.MockWebServiceServerTestExecutionListener, org.springframework.boot.test.mock.mockito.MockitoTestExecutionListener, org.springframework.boot.test.mock.mockito.ResetMocksTestExecutionListener, org.springframework.test.context.web.ServletTestExecutionListener, org.springframework.test.context.support.DirtiesContextBeforeModesTestExecutionListener, org.springframework.test.context.event.ApplicationEventsTestExecutionListener, org.springframework.test.context.support.DependencyInjectionTestExecutionListener, org.springframework.test.context.support.DirtiesContextTestExecutionListener, org.springframework.test.context.transaction.TransactionalTestExecutionListener, org.springframework.test.context.jdbc.SqlScriptsTestExecutionListener, org.springframework.test.context.event.EventPublishingTestExecutionListener]
14:57:43.711 [Test worker] INFO org.springframework.boot.test.context.SpringBootTestContextBootstrapper - Using TestExecutionListeners: [org.springframework.test.context.web.ServletTestExecutionListener@62da83ed, org.springframework.test.context.support.DirtiesContextBeforeModesTestExecutionListener@5d8445d7, org.springframework.test.context.event.ApplicationEventsTestExecutionListener@37d80fe7, org.springframework.boot.test.mock.mockito.MockitoTestExecutionListener@384fc774, org.springframework.boot.test.autoconfigure.SpringBootDependencyInjectionTestExecutionListener@e3cee7b, org.springframework.test.context.support.DirtiesContextTestExecutionListener@71e9a896, org.springframework.test.context.transaction.TransactionalTestExecutionListener@6b9267b, org.springframework.test.context.jdbc.SqlScriptsTestExecutionListener@408b35bf, org.springframework.test.context.event.EventPublishingTestExecutionListener@29ad44e3, org.springframework.boot.test.autoconfigure.restdocs.RestDocsTestExecutionListener@15bcf458, org.springframework.boot.test.autoconfigure.web.client.MockRestServiceServerResetTestExecutionListener@5af9926a, org.springframework.boot.test.autoconfigure.web.servlet.MockMvcPrintOnlyOnFailureTestExecutionListener@43c67247, org.springframework.boot.test.autoconfigure.web.servlet.WebDriverTestExecutionListener@fac80, org.springframework.boot.test.autoconfigure.webservices.client.MockWebServiceServerTestExecutionListener@726386ed, org.springframework.boot.test.mock.mockito.ResetMocksTestExecutionListener@649f2009]
14:57:43.713 [Test worker] DEBUG org.springframework.test.context.support.AbstractDirtiesContextTestExecutionListener - Before test class: context [DefaultTestContext@1c25b8a7 testClass = SneakerShopApplicationTests, testInstance = [null], testMethod = [null], testException = [null], mergedContextConfiguration = [WebMergedContextConfiguration@200606de testClass = SneakerShopApplicationTests, locations = '{}', classes = '{class com.example.sneakerShop.SneakerShopApplication}', contextInitializerClasses = '[]', activeProfiles = '{}', propertySourceLocations = '{}', propertySourceProperties = '{org.springframework.boot.test.context.SpringBootTestContextBootstrapper=true}', contextCustomizers = set[org.springframework.boot.test.autoconfigure.actuate.metrics.MetricsExportContextCustomizerFactory$DisableMetricExportContextCustomizer@73dce0e6, org.springframework.boot.test.autoconfigure.properties.PropertyMappingContextCustomizer@0, org.springframework.boot.test.autoconfigure.web.servlet.WebDriverContextCustomizerFactory$Customizer@f001896, org.springframework.boot.test.context.filter.ExcludeFilterContextCustomizer@5c153b9e, org.springframework.boot.test.json.DuplicateJsonObjectContextCustomizerFactory$DuplicateJsonObjectContextCustomizer@1522d8a0, org.springframework.boot.test.mock.mockito.MockitoContextCustomizer@0, org.springframework.boot.test.web.client.TestRestTemplateContextCustomizer@4212a0c8, org.springframework.boot.test.context.SpringBootTestArgs@1, org.springframework.boot.test.context.SpringBootTestWebEnvironment@21be3395], resourceBasePath = 'src/main/webapp', contextLoader = 'org.springframework.boot.test.context.SpringBootContextLoader', parent = [null]], attributes = map['org.springframework.test.context.web.ServletTestExecutionListener.activateListener' -> true]], class annotated with @DirtiesContext [false] with mode [null].

  .   ____          _            __ _ _
 /\\ / ___'_ __ _ _(_)_ __  __ _ \ \ \ \
( ( )\___ | '_ | '_| | '_ \/ _` | \ \ \ \
 \\/  ___)| |_)| | | | | || (_| |  ) ) ) )
  '  |____| .__|_| |_|_| |_\__, | / / / /
 =========|_|==============|___/=/_/_/_/
 :: Spring Boot ::                (v2.7.0)

2022-06-30 14:57:44.009  INFO 17254 --- [    Test worker] c.e.s.SneakerShopApplicationTests        : Starting SneakerShopApplicationTests using Java 11.0.15 on Shawns-MacBook-Pro.local with PID 17254 (started by shawnlacarta in /Users/shawnlacarta/School/Modul/133/Projekt/sneakershopbackend/sneakerShop)
2022-06-30 14:57:44.010  INFO 17254 --- [    Test worker] c.e.s.SneakerShopApplicationTests        : No active profile set, falling back to 1 default profile: "default"
2022-06-30 14:57:44.273  INFO 17254 --- [    Test worker] .s.d.r.c.RepositoryConfigurationDelegate : Bootstrapping Spring Data JPA repositories in DEFAULT mode.
2022-06-30 14:57:44.299  INFO 17254 --- [    Test worker] .s.d.r.c.RepositoryConfigurationDelegate : Finished Spring Data repository scanning in 22 ms. Found 3 JPA repository interfaces.
2022-06-30 14:57:44.548  INFO 17254 --- [    Test worker] o.hibernate.jpa.internal.util.LogHelper  : HHH000204: Processing PersistenceUnitInfo [name: default]
2022-06-30 14:57:44.569  INFO 17254 --- [    Test worker] org.hibernate.Version                    : HHH000412: Hibernate ORM core version 5.6.9.Final
2022-06-30 14:57:44.648  INFO 17254 --- [    Test worker] o.hibernate.annotations.common.Version   : HCANN000001: Hibernate Commons Annotations {5.1.2.Final}
2022-06-30 14:57:44.692  INFO 17254 --- [    Test worker] com.zaxxer.hikari.HikariDataSource       : HikariPool-1 - Starting...
2022-06-30 14:57:44.817  INFO 17254 --- [    Test worker] com.zaxxer.hikari.HikariDataSource       : HikariPool-1 - Start completed.
2022-06-30 14:57:44.826  INFO 17254 --- [    Test worker] org.hibernate.dialect.Dialect            : HHH000400: Using dialect: org.hibernate.dialect.PostgreSQLDialect
Hibernate: 
    
    create table client (
       id int8 not null,
        address varchar(255),
        card_balance float8 not null,
        city varchar(255),
        email varchar(255),
        first_name varchar(255),
        last_name varchar(255),
        password varchar(255),
        phone_number varchar(255),
        plz int4 not null,
        primary key (id)
    )
Hibernate: 
    
    create table reservation (
       id int8 not null,
        count int8 not null,
        client_id int8,
        sneaker_id int8,
        primary key (id)
    )
Hibernate: 
    
    create table sneaker (
       id int8 not null,
        brand varchar(255),
        description varchar(255),
        image varchar(400),
        name varchar(255),
        price float4 not null,
        primary key (id)
    )
Hibernate: create sequence hibernate_sequence start 1 increment 1
Hibernate: 
    
    alter table reservation 
       add constraint FKoewar6f18rkn4iptr6da4oysv 
       foreign key (client_id) 
       references client
Hibernate: 
    
    alter table reservation 
       add constraint FKj7qspbtgk8mlohpnp5hathl2e 
       foreign key (sneaker_id) 
       references sneaker
2022-06-30 14:57:45.175  INFO 17254 --- [    Test worker] o.h.e.t.j.p.i.JtaPlatformInitiator       : HHH000490: Using JtaPlatform implementation: [org.hibernate.engine.transaction.jta.platform.internal.NoJtaPlatform]
2022-06-30 14:57:45.179  INFO 17254 --- [    Test worker] j.LocalContainerEntityManagerFactoryBean : Initialized JPA EntityManagerFactory for persistence unit 'default'
2022-06-30 14:57:45.472  WARN 17254 --- [    Test worker] JpaBaseConfiguration$JpaWebConfiguration : spring.jpa.open-in-view is enabled by default. Therefore, database queries may be performed during view rendering. Explicitly configure spring.jpa.open-in-view to disable this warning
2022-06-30 14:57:45.720  INFO 17254 --- [    Test worker] c.e.s.SneakerShopApplicationTests        : Started SneakerShopApplicationTests in 1.989 seconds (JVM running for 2.522)
]]></system-out>
  <system-err><![CDATA[]]></system-err>
</testsuite>
